<?xml version="1.0" encoding="UTF-8"?>
<!-- Generated by org.testng.reporters.JUnitReportReporter -->
<testsuite skipped="0" hostname="LAPTOP-IUU0QH56" name="com.sw.api.swapi.SwApiTest" tests="2" failures="0" timestamp="29 Jan 2019 19:46:04 GMT" time="4.680" errors="0">
  <testcase name="swPlanetsAllTest" time="3.263" classname="com.sw.api.swapi.SwApiTest"/>
  <testcase name="swPlanetsWithId" time="1.417" classname="com.sw.api.swapi.SwApiTest"/>
</testsuite> <!-- com.sw.api.swapi.SwApiTest -->
