<?xml version="1.0" encoding="UTF-8"?>
<!-- Generated by org.testng.reporters.JUnitReportReporter -->
<testsuite hostname="LAPTOP-IUU0QH56" name="com.sw.api.swapi.SwApiTest" tests="2" failures="0" timestamp="29 Jan 2019 18:22:29 GMT" time="3.401" errors="0">
  <testcase name="swPlanetsAllTest" time="2.969" classname="com.sw.api.swapi.SwApiTest"/>
  <testcase name="swPlanetsWithId" time="0.432" classname="com.sw.api.swapi.SwApiTest"/>
</testsuite> <!-- com.sw.api.swapi.SwApiTest -->
