<?xml version="1.0" encoding="UTF-8"?>
<!-- Generated by org.testng.reporters.JUnitReportReporter -->
<testsuite hostname="LAPTOP-IUU0QH56" name="com.sw.api.swapi.AppTest" tests="1" failures="0" timestamp="29 Jan 2019 18:22:29 GMT" time="0.000" errors="0">
  <testcase name="testApp" time="0.000" classname="com.sw.api.swapi.AppTest"/>
</testsuite> <!-- com.sw.api.swapi.AppTest -->
